<?xml version="1.0" encoding="UTF-8"?>
<!-- Generated by org.testng.reporters.JUnitReportReporter -->
<testsuite hostname="LA-DGT-001436" failures="0" tests="2" name="com.presto.testclasses.TC001_SearchPage" time="16.390" errors="0" timestamp="2019-10-13T13:21:31 PDT" skipped="0">
  <testcase classname="com.presto.testclasses.TC001_SearchPage" name="testAddBestSeller" time="15.054"/>
  <testcase classname="com.presto.testclasses.TC001_SearchPage" name="verifyCartItems" time="1.336"/>
</testsuite> <!-- com.presto.testclasses.TC001_SearchPage -->
