<?xml version="1.0" encoding="UTF-8"?>
<!-- Generated by org.testng.reporters.JUnitReportReporter -->
<testsuite hostname="LA-DGT-001436" failures="0" tests="1" name="com.presto.amazonchallenge.Test1" time="23.260" errors="0" timestamp="2019-10-13T08:11:13 PDT" skipped="0">
  <testcase classname="com.presto.amazonchallenge.Test1" name="amazonChallenge" time="23.260"/>
</testsuite> <!-- com.presto.amazonchallenge.Test1 -->
