<?xml version="1.0" encoding="UTF-8"?>
<!-- Generated by org.testng.reporters.JUnitReportReporter -->
<testsuite hostname="LA-DGT-001436" failures="0" tests="2" name="com.presto.testclasses.TestCase001_SearchPage" time="15.305" errors="0" timestamp="2019-10-13T17:27:48 PDT" skipped="0">
  <testcase classname="com.presto.testclasses.TestCase001_SearchPage" name="verifyCartItems" time="0.069"/>
  <testcase classname="com.presto.testclasses.TestCase001_SearchPage" name="testAddBestSeller" time="15.236"/>
</testsuite> <!-- com.presto.testclasses.TestCase001_SearchPage -->
