<?xml version="1.0" encoding="UTF-8"?>
<!-- Generated by org.testng.reporters.JUnitReportReporter -->
<testsuite hostname="LA-DGT-001436" failures="0" tests="2" name="com.presto.amazonchallenge.Test2" time="0.004" errors="0" timestamp="2019-10-12T10:20:29 PDT" skipped="0">
  <testcase classname="com.presto.amazonchallenge.Test2" name="testmethod2" time="0.003"/>
  <testcase classname="com.presto.amazonchallenge.Test2" name="testmethod1" time="0.001"/>
</testsuite> <!-- com.presto.amazonchallenge.Test2 -->
