<?xml version="1.0" encoding="UTF-8"?>
<!-- Generated by org.testng.reporters.JUnitReportReporter -->
<testsuite hostname="LA-DGT-001436" failures="0" tests="1" name="com.presto.testclasses.TestSearchPage" time="18.140" errors="0" timestamp="2019-10-13T12:44:15 PDT" skipped="0">
  <testcase classname="com.presto.testclasses.TestSearchPage" name="testAddBestSeller" time="18.140"/>
</testsuite> <!-- com.presto.testclasses.TestSearchPage -->
