<?xml version="1.0" encoding="UTF-8"?>
<!-- Generated by org.testng.reporters.JUnitReportReporter -->
<testsuite hostname="LA-DGT-001436" failures="0" tests="2" name="com.presto.testclasses.TestCase001_SearchPage" time="21.712" errors="0" timestamp="2019-10-13T16:23:49 PDT" skipped="0">
  <testcase classname="com.presto.testclasses.TestCase001_SearchPage" name="verifyCartItems" time="0.151"/>
  <testcase classname="com.presto.testclasses.TestCase001_SearchPage" name="testAddBestSeller" time="21.561"/>
</testsuite> <!-- com.presto.testclasses.TestCase001_SearchPage -->
